11:34:07.632 [main] INFO  com.lqbs.App  - Starting App on DESKTOP-15GUNM6 with PID 12744 (D:\javaworkspace\cloudServers\microservice-provider-8080\target\classes started by york in D:\javaworkspace\cloudServers)
11:34:07.641 [main] INFO  com.lqbs.App  - No active profile set, falling back to default profiles: default
11:34:09.889 [main] INFO  org.apache.coyote.http11.Http11NioProtocol  - Initializing ProtocolHandler ["http-nio-8080"]
11:34:09.890 [main] INFO  org.apache.catalina.core.StandardService  - Starting service [Tomcat]
11:34:09.891 [main] INFO  org.apache.catalina.core.StandardEngine  - Starting Servlet engine: [Apache Tomcat/9.0.37]
11:34:10.386 [main] INFO  org.apache.catalina.core.ContainerBase.[Tomcat].[localhost].[/]  - Initializing Spring embedded WebApplicationContext
11:34:10.903 [main] INFO  com.alibaba.druid.spring.boot.autoconfigure.DruidDataSourceAutoConfigure  - Init DruidDataSource
11:34:11.353 [main] INFO  com.alibaba.druid.pool.DruidDataSource  - {dataSource-1} inited
11:34:12.214 [main] INFO  org.apache.coyote.http11.Http11NioProtocol  - Starting ProtocolHandler ["http-nio-8080"]
11:34:12.302 [main] INFO  com.lqbs.App  - Started App in 5.14 seconds (JVM running for 8.393)
11:34:15.586 [http-nio-8080-exec-1] INFO  org.apache.catalina.core.ContainerBase.[Tomcat].[localhost].[/]  - Initializing Spring DispatcherServlet 'dispatcherServlet'
11:34:15.623 [http-nio-8080-exec-1] INFO  com.lqbs.Conrtoller.TestController  - 这是log4j2的日志测试，info级别
11:34:15.624 [http-nio-8080-exec-1] WARN  com.lqbs.Conrtoller.TestController  - 这是log4j2的日志测试，warn级别
11:34:15.624 [http-nio-8080-exec-1] ERROR com.lqbs.Conrtoller.TestController  - 这是log4j2的日志测试，error级别
11:34:15.625 [http-nio-8080-exec-1] INFO  com.lqbs.Conrtoller.TestController  - 这是带参数的输出格式:约翰·冯·诺依曼 保佑，永无BUG
11:35:13.012 [main] INFO  com.lqbs.App  - Starting App on DESKTOP-15GUNM6 with PID 4772 (D:\javaworkspace\cloudServers\microservice-provider-8080\target\classes started by york in D:\javaworkspace\cloudServers)
11:35:13.057 [main] INFO  com.lqbs.App  - No active profile set, falling back to default profiles: default
11:35:14.824 [main] INFO  org.apache.coyote.http11.Http11NioProtocol  - Initializing ProtocolHandler ["http-nio-8080"]
11:35:14.830 [main] INFO  org.apache.catalina.core.StandardService  - Starting service [Tomcat]
11:35:14.834 [main] INFO  org.apache.catalina.core.StandardEngine  - Starting Servlet engine: [Apache Tomcat/9.0.37]
11:35:15.083 [main] INFO  org.apache.catalina.core.ContainerBase.[Tomcat].[localhost].[/]  - Initializing Spring embedded WebApplicationContext
11:35:15.450 [main] INFO  com.alibaba.druid.spring.boot.autoconfigure.DruidDataSourceAutoConfigure  - Init DruidDataSource
11:35:15.712 [main] INFO  com.alibaba.druid.pool.DruidDataSource  - {dataSource-1} inited
11:35:16.399 [main] INFO  org.apache.coyote.http11.Http11NioProtocol  - Starting ProtocolHandler ["http-nio-8080"]
11:35:16.490 [main] INFO  com.lqbs.App  - Started App in 3.866 seconds (JVM running for 7.512)
