14:44:38.071 [background-preinit] INFO  org.hibernate.validator.internal.util.Version  - HV000001: Hibernate Validator 6.1.5.Final
14:44:41.762 [main] INFO  com.lqbs.websoket_7010  - No active profile set, falling back to default profiles: default
14:44:44.155 [main] INFO  org.apache.coyote.http11.Http11NioProtocol  - Initializing ProtocolHandler ["http-nio-7010"]
14:44:44.156 [main] INFO  org.apache.catalina.core.StandardService  - Starting service [Tomcat]
14:44:44.158 [main] INFO  org.apache.catalina.core.StandardEngine  - Starting Servlet engine: [Apache Tomcat/9.0.37]
14:44:44.599 [main] INFO  org.apache.catalina.core.ContainerBase.[Tomcat].[localhost].[/]  - Initializing Spring embedded WebApplicationContext
14:44:44.793 [main] WARN  com.netflix.config.sources.URLConfigurationSource  - No URLs will be polled as dynamic configuration sources.
14:44:44.798 [main] INFO  com.netflix.config.sources.URLConfigurationSource  - To enable URLs as dynamic configuration sources, define System property archaius.configurationSource.additionalUrls or make config.properties available on classpath.
14:44:44.809 [main] WARN  com.netflix.config.sources.URLConfigurationSource  - No URLs will be polled as dynamic configuration sources.
14:44:44.809 [main] INFO  com.netflix.config.sources.URLConfigurationSource  - To enable URLs as dynamic configuration sources, define System property archaius.configurationSource.additionalUrls or make config.properties available on classpath.
14:44:45.395 [main] INFO  com.alibaba.druid.spring.boot.autoconfigure.DruidDataSourceAutoConfigure  - Init DruidDataSource
14:44:45.551 [main] INFO  com.alibaba.druid.pool.DruidDataSource  - {dataSource-1} inited
14:44:51.732 [main] INFO  com.netflix.discovery.DiscoveryClient  - Initializing Eureka in region us-east-1
14:44:52.976 [main] INFO  com.netflix.discovery.provider.DiscoveryJerseyProvider  - Using JSON encoding codec LegacyJacksonJson
14:44:52.976 [main] INFO  com.netflix.discovery.provider.DiscoveryJerseyProvider  - Using JSON decoding codec LegacyJacksonJson
14:44:53.087 [main] INFO  com.netflix.discovery.provider.DiscoveryJerseyProvider  - Using XML encoding codec XStreamXml
14:44:53.087 [main] INFO  com.netflix.discovery.provider.DiscoveryJerseyProvider  - Using XML decoding codec XStreamXml
14:44:53.300 [main] INFO  com.netflix.discovery.shared.resolver.aws.ConfigClusterResolver  - Resolving eureka endpoints via configuration
14:44:54.293 [main] INFO  com.netflix.discovery.DiscoveryClient  - Disable delta property : false
14:44:54.293 [main] INFO  com.netflix.discovery.DiscoveryClient  - Single vip registry refresh property : null
14:44:54.293 [main] INFO  com.netflix.discovery.DiscoveryClient  - Force full registry fetch : false
14:44:54.294 [main] INFO  com.netflix.discovery.DiscoveryClient  - Application is null : false
14:44:54.294 [main] INFO  com.netflix.discovery.DiscoveryClient  - Registered Applications size is zero : true
14:44:54.294 [main] INFO  com.netflix.discovery.DiscoveryClient  - Application version is -1: true
14:44:54.294 [main] INFO  com.netflix.discovery.DiscoveryClient  - Getting all instance registry info from the eureka server
14:44:54.525 [main] INFO  com.netflix.discovery.DiscoveryClient  - The response status is 200
14:44:54.526 [main] INFO  com.netflix.discovery.DiscoveryClient  - Starting heartbeat executor: renew interval is: 30
14:44:54.529 [main] INFO  com.netflix.discovery.InstanceInfoReplicator  - InstanceInfoReplicator onDemand update allowed rate per min is 4
14:44:54.533 [main] INFO  com.netflix.discovery.DiscoveryClient  - Discovery Client initialized at timestamp 1600325094532 with initial instances count: 0
14:44:54.535 [main] INFO  com.netflix.discovery.DiscoveryClient  - Saw local status change event StatusChangeEvent [timestamp=1600325094535, current=UP, previous=STARTING]
14:44:54.537 [DiscoveryClient-InstanceInfoReplicator-0] INFO  com.netflix.discovery.DiscoveryClient  - DiscoveryClient_WEBSOKET-PROVIDER/websoket-provider:192.168.254.1:7010: registering service...
14:44:54.537 [main] INFO  org.apache.coyote.http11.Http11NioProtocol  - Starting ProtocolHandler ["http-nio-7010"]
14:44:54.644 [DiscoveryClient-InstanceInfoReplicator-0] INFO  com.netflix.discovery.DiscoveryClient  - DiscoveryClient_WEBSOKET-PROVIDER/websoket-provider:192.168.254.1:7010 - registration status: 204
14:44:57.093 [main] INFO  com.lqbs.websoket_7010  - Started websoket_7010 in 22.636 seconds (JVM running for 27.714)
14:45:24.528 [DiscoveryClient-CacheRefreshExecutor-0] INFO  com.netflix.discovery.DiscoveryClient  - Disable delta property : false
14:45:24.528 [DiscoveryClient-CacheRefreshExecutor-0] INFO  com.netflix.discovery.DiscoveryClient  - Single vip registry refresh property : null
14:45:24.528 [DiscoveryClient-CacheRefreshExecutor-0] INFO  com.netflix.discovery.DiscoveryClient  - Force full registry fetch : false
14:45:24.528 [DiscoveryClient-CacheRefreshExecutor-0] INFO  com.netflix.discovery.DiscoveryClient  - Application is null : false
14:45:24.528 [DiscoveryClient-CacheRefreshExecutor-0] INFO  com.netflix.discovery.DiscoveryClient  - Registered Applications size is zero : true
14:45:24.528 [DiscoveryClient-CacheRefreshExecutor-0] INFO  com.netflix.discovery.DiscoveryClient  - Application version is -1: false
14:45:24.529 [DiscoveryClient-CacheRefreshExecutor-0] INFO  com.netflix.discovery.DiscoveryClient  - Getting all instance registry info from the eureka server
14:45:24.560 [DiscoveryClient-CacheRefreshExecutor-0] INFO  com.netflix.discovery.DiscoveryClient  - The response status is 200
14:48:10.474 [http-nio-7010-exec-1] INFO  org.apache.catalina.core.ContainerBase.[Tomcat].[localhost].[/]  - Initializing Spring DispatcherServlet 'dispatcherServlet'
14:49:54.298 [AsyncResolver-bootstrap-executor-0] INFO  com.netflix.discovery.shared.resolver.aws.ConfigClusterResolver  - Resolving eureka endpoints via configuration
14:54:54.301 [AsyncResolver-bootstrap-executor-0] INFO  com.netflix.discovery.shared.resolver.aws.ConfigClusterResolver  - Resolving eureka endpoints via configuration
14:59:54.302 [AsyncResolver-bootstrap-executor-0] INFO  com.netflix.discovery.shared.resolver.aws.ConfigClusterResolver  - Resolving eureka endpoints via configuration
15:04:54.304 [AsyncResolver-bootstrap-executor-0] INFO  com.netflix.discovery.shared.resolver.aws.ConfigClusterResolver  - Resolving eureka endpoints via configuration
15:09:54.307 [AsyncResolver-bootstrap-executor-0] INFO  com.netflix.discovery.shared.resolver.aws.ConfigClusterResolver  - Resolving eureka endpoints via configuration
15:14:54.309 [AsyncResolver-bootstrap-executor-0] INFO  com.netflix.discovery.shared.resolver.aws.ConfigClusterResolver  - Resolving eureka endpoints via configuration
15:19:54.310 [AsyncResolver-bootstrap-executor-0] INFO  com.netflix.discovery.shared.resolver.aws.ConfigClusterResolver  - Resolving eureka endpoints via configuration
15:24:54.312 [AsyncResolver-bootstrap-executor-0] INFO  com.netflix.discovery.shared.resolver.aws.ConfigClusterResolver  - Resolving eureka endpoints via configuration
15:29:54.314 [AsyncResolver-bootstrap-executor-0] INFO  com.netflix.discovery.shared.resolver.aws.ConfigClusterResolver  - Resolving eureka endpoints via configuration
15:34:54.315 [AsyncResolver-bootstrap-executor-0] INFO  com.netflix.discovery.shared.resolver.aws.ConfigClusterResolver  - Resolving eureka endpoints via configuration
15:39:54.316 [AsyncResolver-bootstrap-executor-0] INFO  com.netflix.discovery.shared.resolver.aws.ConfigClusterResolver  - Resolving eureka endpoints via configuration
15:44:54.317 [AsyncResolver-bootstrap-executor-0] INFO  com.netflix.discovery.shared.resolver.aws.ConfigClusterResolver  - Resolving eureka endpoints via configuration
15:49:54.318 [AsyncResolver-bootstrap-executor-0] INFO  com.netflix.discovery.shared.resolver.aws.ConfigClusterResolver  - Resolving eureka endpoints via configuration
15:54:54.320 [AsyncResolver-bootstrap-executor-0] INFO  com.netflix.discovery.shared.resolver.aws.ConfigClusterResolver  - Resolving eureka endpoints via configuration
